The system is: Windows - 10.0.18362 - AMD64
Compiling the CXX compiler identification source file "CMakeCXXCompilerId.cpp" succeeded.
Compiler: E:/vs/ide/VC/Tools/MSVC/14.25.28610/bin/HostX64/x64/cl.exe 
Build flags: 
Id flags:  

The output was:
0
用于 x64 的 Microsoft (R) C/C++ 优化编译器 19.25.28614 版
版权所有(C) Microsoft Corporation。保留所有权利。

CMakeCXXCompilerId.cpp
Microsoft (R) Incremental Linker Version 14.25.28614.0
Copyright (C) Microsoft Corporation.  All rights reserved.

/out:CMakeCXXCompilerId.exe 
CMakeCXXCompilerId.obj 


Compilation of the CXX compiler identification source "CMakeCXXCompilerId.cpp" produced "CMakeCXXCompilerId.exe"

Compilation of the CXX compiler identification source "CMakeCXXCompilerId.cpp" produced "CMakeCXXCompilerId.obj"

The CXX compiler identification is MSVC, found in "D:/code/Qt_CustomControl/src/Cat_InputGroup/out/build/x64-Debug/CMakeFiles/3.16.19112601-MSVC_2/CompilerIdCXX/CMakeCXXCompilerId.exe"

Determining if the CXX compiler works passed with the following output:
Change Dir: D:/code/Qt_CustomControl/src/Cat_InputGroup/out/build/x64-Debug/CMakeFiles/CMakeTmp

Run Build Command(s):e:\vs\ide\common7\ide\commonextensions\microsoft\cmake\Ninja\ninja.exe cmTC_80106 && [1/2] Building CXX object CMakeFiles\cmTC_80106.dir\testCXXCompiler.cxx.obj
[2/2] Linking CXX executable cmTC_80106.exe



Detecting CXX compiler ABI info compiled with the following output:
Change Dir: D:/code/Qt_CustomControl/src/Cat_InputGroup/out/build/x64-Debug/CMakeFiles/CMakeTmp

Run Build Command(s):e:\vs\ide\common7\ide\commonextensions\microsoft\cmake\Ninja\ninja.exe cmTC_0380e && [1/2] Building CXX object CMakeFiles\cmTC_0380e.dir\CMakeCXXCompilerABI.cpp.obj
[2/2] Linking CXX executable cmTC_0380e.exe



